<?xml version="1.0" encoding="UTF-8"?>
<!-- Generated by org.testng.reporters.JUnitReportReporter -->
<testsuite skipped="0" hostname="LAPTOP-F9EC64LI" name="code.tests.RemovingItemfromCart" tests="1" failures="0" timestamp="2021-07-06T17:44:05 CST" time="24.582" errors="0">
  <testcase name="RemovingItem" time="24.582" classname="code.tests.RemovingItemfromCart"/>
  <system-out/>
</testsuite> <!-- code.tests.RemovingItemfromCart -->
