<?xml version="1.0" encoding="UTF-8"?>
<!-- Generated by org.testng.reporters.JUnitReportReporter -->
<testsuite skipped="0" hostname="LAPTOP-F9EC64LI" name="api.test.GetInfoCharacters" tests="1" failures="0" timestamp="2021-07-02T08:57:00 CST" time="3.556" errors="0">
  <testcase name="getInfoChars" time="3.556" classname="api.test.GetInfoCharacters"/>
  <system-out/>
</testsuite> <!-- api.test.GetInfoCharacters -->
