<?xml version="1.0" encoding="UTF-8"?>
<!-- Generated by org.testng.reporters.JUnitReportReporter -->
<testsuite skipped="0" hostname="LAPTOP-F9EC64LI" name="code.tests.AddingItemsTest" tests="5" failures="0" timestamp="2021-07-29T20:50:09 CST" time="15.974" errors="0">
  <testcase name="ScrollingtoFooter" time="0.219" classname="code.tests.AddingItemsTest"/>
  <system-out/>
  <testcase name="SearchItems" time="1.471" classname="code.tests.AddingItemsTest"/>
  <system-out/>
  <testcase name="SearchInvalidItem" time="1.185" classname="code.tests.AddingItemsTest"/>
  <system-out/>
  <testcase name="RemovingItem" time="6.458" classname="code.tests.AddingItemsTest"/>
  <system-out/>
  <testcase name="AddingItemtoCartfromWomen" time="6.641" classname="code.tests.AddingItemsTest"/>
  <system-out/>
</testsuite> <!-- code.tests.AddingItemsTest -->
