<?xml version="1.0" encoding="UTF-8"?>
<!-- Generated by org.testng.reporters.JUnitReportReporter -->
<testsuite skipped="3" hostname="LAPTOP-F9EC64LI" name="code.tests.AddingItemsTest" tests="4" failures="0" timestamp="2021-07-06T16:44:10 CST" time="13.126" errors="0">
  <testcase name="addingItemCartfromTshirt" time="13.126" classname="code.tests.AddingItemsTest"/>
  <system-out/>
  <testcase name="AddingItemtoCartfromDresses" classname="code.tests.AddingItemsTest">
    <skipped/>
  </testcase> <!-- AddingItemtoCartfromDresses -->
  <system-out/>
  <testcase name="AddingItemtoCartFromIndex" classname="code.tests.AddingItemsTest">
    <skipped/>
  </testcase> <!-- AddingItemtoCartFromIndex -->
  <system-out/>
  <testcase name="AddingItemtoCartfromWomen" classname="code.tests.AddingItemsTest">
    <skipped/>
  </testcase> <!-- AddingItemtoCartfromWomen -->
  <system-out/>
</testsuite> <!-- code.tests.AddingItemsTest -->
