<?xml version="1.0" encoding="UTF-8"?>
<!-- Generated by org.testng.reporters.JUnitReportReporter -->
<testsuite skipped="0" hostname="LAPTOP-F9EC64LI" name="code.tests.AddingItemsTest" tests="4" failures="0" timestamp="2021-07-21T22:09:17 CST" time="22.840" errors="0">
  <testcase name="AddingItemtoCartFromIndex" time="6.179" classname="code.tests.AddingItemsTest"/>
  <system-out/>
  <testcase name="AddingItemtoCartfromDresses" time="5.963" classname="code.tests.AddingItemsTest"/>
  <system-out/>
  <testcase name="AddingItemtoCartfromWomen" time="6.174" classname="code.tests.AddingItemsTest"/>
  <system-out/>
  <testcase name="addingItemCartfromTshirt" time="4.524" classname="code.tests.AddingItemsTest"/>
  <system-out/>
</testsuite> <!-- code.tests.AddingItemsTest -->
