<?xml version="1.0" encoding="UTF-8"?>
<!-- Generated by org.testng.reporters.JUnitReportReporter -->
<testsuite skipped="2" hostname="LAPTOP-F9EC64LI" name="code.tests.SearchingAndValidating" tests="3" failures="0" timestamp="2021-07-06T18:05:21 CST" time="9.021" errors="0">
  <testcase name="ScrollingtoFooter" time="9.021" classname="code.tests.SearchingAndValidating"/>
  <system-out/>
  <testcase name="SearchInvalidItem" classname="code.tests.SearchingAndValidating">
    <skipped/>
  </testcase> <!-- SearchInvalidItem -->
  <system-out/>
  <testcase name="SearchItems" classname="code.tests.SearchingAndValidating">
    <skipped/>
  </testcase> <!-- SearchItems -->
  <system-out/>
</testsuite> <!-- code.tests.SearchingAndValidating -->
