<?xml version="1.0" encoding="UTF-8"?>
<!-- Generated by org.testng.reporters.JUnitReportReporter -->
<testsuite skipped="0" hostname="LAPTOP-F9EC64LI" name="code.tests.AddingItemsfromIndex" tests="1" failures="0" timestamp="2021-06-22T15:54:19 CST" time="22.285" errors="0">
  <testcase name="AddingItemtoCart" time="22.285" classname="code.tests.AddingItemsfromIndex"/>
  <system-out/>
</testsuite> <!-- code.tests.AddingItemsfromIndex -->
