<?xml version="1.0" encoding="UTF-8"?>
<!-- Generated by org.testng.reporters.JUnitReportReporter -->
<testsuite skipped="0" hostname="LAPTOP-F9EC64LI" name="api.test.GetInfoCharacters" tests="2" failures="0" timestamp="2021-07-29T20:50:48 CST" time="5.948" errors="0">
  <testcase name="getWWBirthday" time="2.276" classname="api.test.GetInfoCharacters"/>
  <system-out/>
  <testcase name="getInfoChars" time="3.672" classname="api.test.GetInfoCharacters"/>
  <system-out/>
</testsuite> <!-- api.test.GetInfoCharacters -->
