<?xml version="1.0" encoding="UTF-8"?>
<!-- Generated by org.testng.reporters.JUnitReportReporter -->
<testsuite skipped="0" hostname="LAPTOP-F9EC64LI" name="code.tests.SearchingAndValidating" tests="3" failures="0" timestamp="2021-07-29T14:27:07 CST" time="2.603" errors="0">
  <testcase name="ScrollingtoFooter" time="0.244" classname="code.tests.SearchingAndValidating"/>
  <system-out/>
  <testcase name="SearchItems" time="0.957" classname="code.tests.SearchingAndValidating"/>
  <system-out/>
  <testcase name="SearchInvalidItem" time="1.402" classname="code.tests.SearchingAndValidating"/>
  <system-out/>
</testsuite> <!-- code.tests.SearchingAndValidating -->
